CRITICAL - 2023-12-01 00:08:03 --> Too few arguments to function App\Controllers\JobController::getCate(), 0 passed in C:\laragon\www\backend\system\CodeIgniter.php on line 919 and exactly 1 expected
in APPPATH\Controllers\JobController.php on line 46.
 1 SYSTEMPATH\CodeIgniter.php(919): App\Controllers\JobController->getCate()
 2 SYSTEMPATH\CodeIgniter.php(494): CodeIgniter\CodeIgniter->runController(Object(App\Controllers\JobController))
 3 SYSTEMPATH\CodeIgniter.php(353): CodeIgniter\CodeIgniter->handleRequest(null, Object(Config\Cache), false)
 4 FCPATH\index.php(86): CodeIgniter\CodeIgniter->run()
CRITICAL - 2023-12-01 00:09:59 --> Too few arguments to function App\Controllers\JobController::getCate(), 0 passed in C:\laragon\www\backend\system\CodeIgniter.php on line 919 and exactly 1 expected
in APPPATH\Controllers\JobController.php on line 46.
 1 SYSTEMPATH\CodeIgniter.php(919): App\Controllers\JobController->getCate()
 2 SYSTEMPATH\CodeIgniter.php(494): CodeIgniter\CodeIgniter->runController(Object(App\Controllers\JobController))
 3 SYSTEMPATH\CodeIgniter.php(353): CodeIgniter\CodeIgniter->handleRequest(null, Object(Config\Cache), false)
 4 FCPATH\index.php(86): CodeIgniter\CodeIgniter->run()
CRITICAL - 2023-12-01 00:10:25 --> Too few arguments to function App\Controllers\JobController::getCate(), 0 passed in C:\laragon\www\backend\system\CodeIgniter.php on line 919 and exactly 1 expected
in APPPATH\Controllers\JobController.php on line 46.
 1 SYSTEMPATH\CodeIgniter.php(919): App\Controllers\JobController->getCate()
 2 SYSTEMPATH\CodeIgniter.php(494): CodeIgniter\CodeIgniter->runController(Object(App\Controllers\JobController))
 3 SYSTEMPATH\CodeIgniter.php(353): CodeIgniter\CodeIgniter->handleRequest(null, Object(Config\Cache), false)
 4 FCPATH\index.php(86): CodeIgniter\CodeIgniter->run()
CRITICAL - 2023-12-01 00:11:07 --> Too few arguments to function App\Controllers\JobController::getCate(), 0 passed in C:\laragon\www\backend\system\CodeIgniter.php on line 919 and exactly 1 expected
in APPPATH\Controllers\JobController.php on line 46.
 1 SYSTEMPATH\CodeIgniter.php(919): App\Controllers\JobController->getCate()
 2 SYSTEMPATH\CodeIgniter.php(494): CodeIgniter\CodeIgniter->runController(Object(App\Controllers\JobController))
 3 SYSTEMPATH\CodeIgniter.php(353): CodeIgniter\CodeIgniter->handleRequest(null, Object(Config\Cache), false)
 4 FCPATH\index.php(86): CodeIgniter\CodeIgniter->run()
CRITICAL - 2023-12-01 00:12:21 --> Too few arguments to function App\Controllers\JobController::getCate(), 0 passed in C:\laragon\www\backend\system\CodeIgniter.php on line 919 and exactly 1 expected
in APPPATH\Controllers\JobController.php on line 46.
 1 SYSTEMPATH\CodeIgniter.php(919): App\Controllers\JobController->getCate()
 2 SYSTEMPATH\CodeIgniter.php(494): CodeIgniter\CodeIgniter->runController(Object(App\Controllers\JobController))
 3 SYSTEMPATH\CodeIgniter.php(353): CodeIgniter\CodeIgniter->handleRequest(null, Object(Config\Cache), false)
 4 FCPATH\index.php(86): CodeIgniter\CodeIgniter->run()
CRITICAL - 2023-12-01 00:13:27 --> Too few arguments to function App\Controllers\JobController::getCate(), 0 passed in C:\laragon\www\backend\system\CodeIgniter.php on line 919 and exactly 1 expected
in APPPATH\Controllers\JobController.php on line 46.
 1 SYSTEMPATH\CodeIgniter.php(919): App\Controllers\JobController->getCate()
 2 SYSTEMPATH\CodeIgniter.php(494): CodeIgniter\CodeIgniter->runController(Object(App\Controllers\JobController))
 3 SYSTEMPATH\CodeIgniter.php(353): CodeIgniter\CodeIgniter->handleRequest(null, Object(Config\Cache), false)
 4 FCPATH\index.php(86): CodeIgniter\CodeIgniter->run()
CRITICAL - 2023-12-01 00:17:00 --> Invalid file: "include/index1.php"
in SYSTEMPATH\Exceptions\FrameworkException.php on line 39.
 1 SYSTEMPATH\View\View.php(214): CodeIgniter\Exceptions\FrameworkException::forInvalidFile('include/index1.php')
 2 SYSTEMPATH\View\View.php(467): CodeIgniter\View\View->render('include/index1', null, true)
 3 APPPATH\Views\welcome_message.php(1): CodeIgniter\View\View->include('include/index1')
 4 SYSTEMPATH\View\View.php(226): include('C:\\laragon\\www\\backend\\app\\Views\\welcome_message.php')
 5 SYSTEMPATH\View\View.php(229): CodeIgniter\View\View->CodeIgniter\View\{closure}()
 6 SYSTEMPATH\Common.php(1188): CodeIgniter\View\View->render('welcome_message', [], true)
 7 APPPATH\Controllers\Home.php(9): view('welcome_message')
 8 SYSTEMPATH\CodeIgniter.php(919): App\Controllers\Home->index()
 9 SYSTEMPATH\CodeIgniter.php(494): CodeIgniter\CodeIgniter->runController(Object(App\Controllers\Home))
10 SYSTEMPATH\CodeIgniter.php(353): CodeIgniter\CodeIgniter->handleRequest(null, Object(Config\Cache), false)
11 FCPATH\index.php(86): CodeIgniter\CodeIgniter->run()
12 SYSTEMPATH\Commands\Server\rewrite.php(47): require_once('C:\\laragon\\www\\backend\\public\\index.php')
CRITICAL - 2023-12-01 00:17:32 --> Invalid file: "include/index1.php"
in SYSTEMPATH\Exceptions\FrameworkException.php on line 39.
 1 SYSTEMPATH\View\View.php(214): CodeIgniter\Exceptions\FrameworkException::forInvalidFile('include/index1.php')
 2 SYSTEMPATH\View\View.php(467): CodeIgniter\View\View->render('include/index1', null, true)
 3 APPPATH\Views\welcome_message.php(1): CodeIgniter\View\View->include('include/index1')
 4 SYSTEMPATH\View\View.php(226): include('C:\\laragon\\www\\backend\\app\\Views\\welcome_message.php')
 5 SYSTEMPATH\View\View.php(229): CodeIgniter\View\View->CodeIgniter\View\{closure}()
 6 SYSTEMPATH\Common.php(1188): CodeIgniter\View\View->render('welcome_message', [], true)
 7 APPPATH\Controllers\Home.php(9): view('welcome_message')
 8 SYSTEMPATH\CodeIgniter.php(919): App\Controllers\Home->index()
 9 SYSTEMPATH\CodeIgniter.php(494): CodeIgniter\CodeIgniter->runController(Object(App\Controllers\Home))
10 SYSTEMPATH\CodeIgniter.php(353): CodeIgniter\CodeIgniter->handleRequest(null, Object(Config\Cache), false)
11 FCPATH\index.php(86): CodeIgniter\CodeIgniter->run()
12 SYSTEMPATH\Commands\Server\rewrite.php(47): require_once('C:\\laragon\\www\\backend\\public\\index.php')
CRITICAL - 2023-12-01 00:17:39 --> Invalid file: "include/index1.php"
in SYSTEMPATH\Exceptions\FrameworkException.php on line 39.
 1 SYSTEMPATH\View\View.php(214): CodeIgniter\Exceptions\FrameworkException::forInvalidFile('include/index1.php')
 2 SYSTEMPATH\View\View.php(467): CodeIgniter\View\View->render('include/index1', null, true)
 3 APPPATH\Views\welcome_message.php(1): CodeIgniter\View\View->include('include/index1')
 4 SYSTEMPATH\View\View.php(226): include('C:\\laragon\\www\\backend\\app\\Views\\welcome_message.php')
 5 SYSTEMPATH\View\View.php(229): CodeIgniter\View\View->CodeIgniter\View\{closure}()
 6 SYSTEMPATH\Common.php(1188): CodeIgniter\View\View->render('welcome_message', [], true)
 7 APPPATH\Controllers\Home.php(9): view('welcome_message')
 8 SYSTEMPATH\CodeIgniter.php(919): App\Controllers\Home->index()
 9 SYSTEMPATH\CodeIgniter.php(494): CodeIgniter\CodeIgniter->runController(Object(App\Controllers\Home))
10 SYSTEMPATH\CodeIgniter.php(353): CodeIgniter\CodeIgniter->handleRequest(null, Object(Config\Cache), false)
11 FCPATH\index.php(86): CodeIgniter\CodeIgniter->run()
12 SYSTEMPATH\Commands\Server\rewrite.php(47): require_once('C:\\laragon\\www\\backend\\public\\index.php')
CRITICAL - 2023-12-01 00:17:55 --> Too few arguments to function App\Controllers\JobController::getCate(), 0 passed in C:\laragon\www\backend\system\CodeIgniter.php on line 919 and exactly 1 expected
in APPPATH\Controllers\JobController.php on line 46.
 1 SYSTEMPATH\CodeIgniter.php(919): App\Controllers\JobController->getCate()
 2 SYSTEMPATH\CodeIgniter.php(494): CodeIgniter\CodeIgniter->runController(Object(App\Controllers\JobController))
 3 SYSTEMPATH\CodeIgniter.php(353): CodeIgniter\CodeIgniter->handleRequest(null, Object(Config\Cache), false)
 4 FCPATH\index.php(86): CodeIgniter\CodeIgniter->run()
CRITICAL - 2023-12-01 00:18:11 --> Too few arguments to function App\Controllers\JobController::getCate(), 0 passed in C:\laragon\www\backend\system\CodeIgniter.php on line 919 and exactly 1 expected
in APPPATH\Controllers\JobController.php on line 46.
 1 SYSTEMPATH\CodeIgniter.php(919): App\Controllers\JobController->getCate()
 2 SYSTEMPATH\CodeIgniter.php(494): CodeIgniter\CodeIgniter->runController(Object(App\Controllers\JobController))
 3 SYSTEMPATH\CodeIgniter.php(353): CodeIgniter\CodeIgniter->handleRequest(null, Object(Config\Cache), false)
 4 FCPATH\index.php(86): CodeIgniter\CodeIgniter->run()
CRITICAL - 2023-12-01 00:29:43 --> Too few arguments to function App\Controllers\JobController::getCate(), 0 passed in C:\laragon\www\backend\system\CodeIgniter.php on line 919 and exactly 1 expected
in APPPATH\Controllers\JobController.php on line 46.
 1 SYSTEMPATH\CodeIgniter.php(919): App\Controllers\JobController->getCate()
 2 SYSTEMPATH\CodeIgniter.php(494): CodeIgniter\CodeIgniter->runController(Object(App\Controllers\JobController))
 3 SYSTEMPATH\CodeIgniter.php(353): CodeIgniter\CodeIgniter->handleRequest(null, Object(Config\Cache), false)
 4 FCPATH\index.php(86): CodeIgniter\CodeIgniter->run()
CRITICAL - 2023-12-01 00:30:53 --> Too few arguments to function App\Controllers\JobController::getCate(), 0 passed in C:\laragon\www\backend\system\CodeIgniter.php on line 919 and exactly 1 expected
in APPPATH\Controllers\JobController.php on line 46.
 1 SYSTEMPATH\CodeIgniter.php(919): App\Controllers\JobController->getCate()
 2 SYSTEMPATH\CodeIgniter.php(494): CodeIgniter\CodeIgniter->runController(Object(App\Controllers\JobController))
 3 SYSTEMPATH\CodeIgniter.php(353): CodeIgniter\CodeIgniter->handleRequest(null, Object(Config\Cache), false)
 4 FCPATH\index.php(86): CodeIgniter\CodeIgniter->run()
CRITICAL - 2023-12-01 00:31:51 --> Too few arguments to function App\Controllers\JobController::getCate(), 0 passed in C:\laragon\www\backend\system\CodeIgniter.php on line 919 and exactly 1 expected
in APPPATH\Controllers\JobController.php on line 46.
 1 SYSTEMPATH\CodeIgniter.php(919): App\Controllers\JobController->getCate()
 2 SYSTEMPATH\CodeIgniter.php(494): CodeIgniter\CodeIgniter->runController(Object(App\Controllers\JobController))
 3 SYSTEMPATH\CodeIgniter.php(353): CodeIgniter\CodeIgniter->handleRequest(null, Object(Config\Cache), false)
 4 FCPATH\index.php(86): CodeIgniter\CodeIgniter->run()
CRITICAL - 2023-12-01 00:33:32 --> Too few arguments to function App\Controllers\JobController::getCate(), 0 passed in C:\laragon\www\backend\system\CodeIgniter.php on line 919 and exactly 1 expected
in APPPATH\Controllers\JobController.php on line 46.
 1 SYSTEMPATH\CodeIgniter.php(919): App\Controllers\JobController->getCate()
 2 SYSTEMPATH\CodeIgniter.php(494): CodeIgniter\CodeIgniter->runController(Object(App\Controllers\JobController))
 3 SYSTEMPATH\CodeIgniter.php(353): CodeIgniter\CodeIgniter->handleRequest(null, Object(Config\Cache), false)
 4 FCPATH\index.php(86): CodeIgniter\CodeIgniter->run()
CRITICAL - 2023-12-01 00:33:48 --> Too few arguments to function App\Controllers\JobController::getCate(), 0 passed in C:\laragon\www\backend\system\CodeIgniter.php on line 919 and exactly 1 expected
in APPPATH\Controllers\JobController.php on line 46.
 1 SYSTEMPATH\CodeIgniter.php(919): App\Controllers\JobController->getCate()
 2 SYSTEMPATH\CodeIgniter.php(494): CodeIgniter\CodeIgniter->runController(Object(App\Controllers\JobController))
 3 SYSTEMPATH\CodeIgniter.php(353): CodeIgniter\CodeIgniter->handleRequest(null, Object(Config\Cache), false)
 4 FCPATH\index.php(86): CodeIgniter\CodeIgniter->run()
CRITICAL - 2023-12-01 00:38:22 --> Too few arguments to function App\Controllers\JobController::getCate(), 0 passed in C:\laragon\www\backend\system\CodeIgniter.php on line 919 and exactly 1 expected
in APPPATH\Controllers\JobController.php on line 46.
 1 SYSTEMPATH\CodeIgniter.php(919): App\Controllers\JobController->getCate()
 2 SYSTEMPATH\CodeIgniter.php(494): CodeIgniter\CodeIgniter->runController(Object(App\Controllers\JobController))
 3 SYSTEMPATH\CodeIgniter.php(353): CodeIgniter\CodeIgniter->handleRequest(null, Object(Config\Cache), false)
 4 FCPATH\index.php(86): CodeIgniter\CodeIgniter->run()
