CRITICAL - 2023-12-07 04:30:05 --> Too few arguments to function App\Controllers\JobController::getCate(), 0 passed in C:\laragon\www\backend\system\CodeIgniter.php on line 919 and exactly 1 expected
in APPPATH\Controllers\JobController.php on line 40.
 1 SYSTEMPATH\CodeIgniter.php(919): App\Controllers\JobController->getCate()
 2 SYSTEMPATH\CodeIgniter.php(494): CodeIgniter\CodeIgniter->runController(Object(App\Controllers\JobController))
 3 SYSTEMPATH\CodeIgniter.php(353): CodeIgniter\CodeIgniter->handleRequest(null, Object(Config\Cache), false)
 4 FCPATH\index.php(86): CodeIgniter\CodeIgniter->run()
CRITICAL - 2023-12-07 04:30:23 --> Too few arguments to function App\Controllers\JobController::getCate(), 0 passed in C:\laragon\www\backend\system\CodeIgniter.php on line 919 and exactly 1 expected
in APPPATH\Controllers\JobController.php on line 40.
 1 SYSTEMPATH\CodeIgniter.php(919): App\Controllers\JobController->getCate()
 2 SYSTEMPATH\CodeIgniter.php(494): CodeIgniter\CodeIgniter->runController(Object(App\Controllers\JobController))
 3 SYSTEMPATH\CodeIgniter.php(353): CodeIgniter\CodeIgniter->handleRequest(null, Object(Config\Cache), false)
 4 FCPATH\index.php(86): CodeIgniter\CodeIgniter->run()
CRITICAL - 2023-12-07 04:30:43 --> Too few arguments to function App\Controllers\JobController::getCate(), 0 passed in C:\laragon\www\backend\system\CodeIgniter.php on line 919 and exactly 1 expected
in APPPATH\Controllers\JobController.php on line 40.
 1 SYSTEMPATH\CodeIgniter.php(919): App\Controllers\JobController->getCate()
 2 SYSTEMPATH\CodeIgniter.php(494): CodeIgniter\CodeIgniter->runController(Object(App\Controllers\JobController))
 3 SYSTEMPATH\CodeIgniter.php(353): CodeIgniter\CodeIgniter->handleRequest(null, Object(Config\Cache), false)
 4 FCPATH\index.php(86): CodeIgniter\CodeIgniter->run()
CRITICAL - 2023-12-07 08:17:46 --> Too few arguments to function App\Controllers\JobController::getCate(), 0 passed in C:\laragon\www\backend\system\CodeIgniter.php on line 919 and exactly 1 expected
in APPPATH\Controllers\JobController.php on line 40.
 1 SYSTEMPATH\CodeIgniter.php(919): App\Controllers\JobController->getCate()
 2 SYSTEMPATH\CodeIgniter.php(494): CodeIgniter\CodeIgniter->runController(Object(App\Controllers\JobController))
 3 SYSTEMPATH\CodeIgniter.php(353): CodeIgniter\CodeIgniter->handleRequest(null, Object(Config\Cache), false)
 4 FCPATH\index.php(86): CodeIgniter\CodeIgniter->run()
CRITICAL - 2023-12-07 08:18:00 --> Too few arguments to function App\Controllers\JobController::getCate(), 0 passed in C:\laragon\www\backend\system\CodeIgniter.php on line 919 and exactly 1 expected
in APPPATH\Controllers\JobController.php on line 40.
 1 SYSTEMPATH\CodeIgniter.php(919): App\Controllers\JobController->getCate()
 2 SYSTEMPATH\CodeIgniter.php(494): CodeIgniter\CodeIgniter->runController(Object(App\Controllers\JobController))
 3 SYSTEMPATH\CodeIgniter.php(353): CodeIgniter\CodeIgniter->handleRequest(null, Object(Config\Cache), false)
 4 FCPATH\index.php(86): CodeIgniter\CodeIgniter->run()
CRITICAL - 2023-12-07 08:18:24 --> Too few arguments to function App\Controllers\JobController::getCate(), 0 passed in C:\laragon\www\backend\system\CodeIgniter.php on line 919 and exactly 1 expected
in APPPATH\Controllers\JobController.php on line 40.
 1 SYSTEMPATH\CodeIgniter.php(919): App\Controllers\JobController->getCate()
 2 SYSTEMPATH\CodeIgniter.php(494): CodeIgniter\CodeIgniter->runController(Object(App\Controllers\JobController))
 3 SYSTEMPATH\CodeIgniter.php(353): CodeIgniter\CodeIgniter->handleRequest(null, Object(Config\Cache), false)
 4 FCPATH\index.php(86): CodeIgniter\CodeIgniter->run()
CRITICAL - 2023-12-07 08:18:41 --> Cannot redeclare App\Controllers\JobController::getCate()
in APPPATH\Controllers\JobController.php on line 46.
 1 [internal function]: CodeIgniter\Debug\Exceptions->shutdownHandler()
