CRITICAL - 2023-12-10 05:24:45 --> Invalid file: "include/index1.php"
in SYSTEMPATH\Exceptions\FrameworkException.php on line 39.
 1 SYSTEMPATH\View\View.php(214): CodeIgniter\Exceptions\FrameworkException::forInvalidFile('include/index1.php')
 2 SYSTEMPATH\View\View.php(467): CodeIgniter\View\View->render('include/index1', null, true)
 3 APPPATH\Views\welcome_message.php(1): CodeIgniter\View\View->include('include/index1')
 4 SYSTEMPATH\View\View.php(226): include('C:\\laragon\\www\\backend\\app\\Views\\welcome_message.php')
 5 SYSTEMPATH\View\View.php(229): CodeIgniter\View\View->CodeIgniter\View\{closure}()
 6 SYSTEMPATH\Common.php(1188): CodeIgniter\View\View->render('welcome_message', [], true)
 7 APPPATH\Controllers\Home.php(9): view('welcome_message')
 8 SYSTEMPATH\CodeIgniter.php(919): App\Controllers\Home->index()
 9 SYSTEMPATH\CodeIgniter.php(494): CodeIgniter\CodeIgniter->runController(Object(App\Controllers\Home))
10 SYSTEMPATH\CodeIgniter.php(353): CodeIgniter\CodeIgniter->handleRequest(null, Object(Config\Cache), false)
11 FCPATH\index.php(86): CodeIgniter\CodeIgniter->run()
12 SYSTEMPATH\Commands\Server\rewrite.php(47): require_once('C:\\laragon\\www\\backend\\public\\index.php')
CRITICAL - 2023-12-10 06:47:18 --> Class "App\Controllers\Services" not found
in APPPATH\Controllers\InquireController.php on line 89.
 1 SYSTEMPATH\CodeIgniter.php(919): App\Controllers\InquireController->submitForm()
 2 SYSTEMPATH\CodeIgniter.php(494): CodeIgniter\CodeIgniter->runController(Object(App\Controllers\InquireController))
 3 SYSTEMPATH\CodeIgniter.php(353): CodeIgniter\CodeIgniter->handleRequest(null, Object(Config\Cache), false)
 4 FCPATH\index.php(86): CodeIgniter\CodeIgniter->run()
CRITICAL - 2023-12-10 06:47:19 --> Class "App\Controllers\Services" not found
in APPPATH\Controllers\InquireController.php on line 89.
 1 SYSTEMPATH\CodeIgniter.php(919): App\Controllers\InquireController->submitForm()
 2 SYSTEMPATH\CodeIgniter.php(494): CodeIgniter\CodeIgniter->runController(Object(App\Controllers\InquireController))
 3 SYSTEMPATH\CodeIgniter.php(353): CodeIgniter\CodeIgniter->handleRequest(null, Object(Config\Cache), false)
 4 FCPATH\index.php(86): CodeIgniter\CodeIgniter->run()
CRITICAL - 2023-12-10 06:47:19 --> Class "App\Controllers\Services" not found
in APPPATH\Controllers\InquireController.php on line 89.
 1 SYSTEMPATH\CodeIgniter.php(919): App\Controllers\InquireController->submitForm()
 2 SYSTEMPATH\CodeIgniter.php(494): CodeIgniter\CodeIgniter->runController(Object(App\Controllers\InquireController))
 3 SYSTEMPATH\CodeIgniter.php(353): CodeIgniter\CodeIgniter->handleRequest(null, Object(Config\Cache), false)
 4 FCPATH\index.php(86): CodeIgniter\CodeIgniter->run()
CRITICAL - 2023-12-10 06:47:20 --> Class "App\Controllers\Services" not found
in APPPATH\Controllers\InquireController.php on line 89.
 1 SYSTEMPATH\CodeIgniter.php(919): App\Controllers\InquireController->submitForm()
 2 SYSTEMPATH\CodeIgniter.php(494): CodeIgniter\CodeIgniter->runController(Object(App\Controllers\InquireController))
 3 SYSTEMPATH\CodeIgniter.php(353): CodeIgniter\CodeIgniter->handleRequest(null, Object(Config\Cache), false)
 4 FCPATH\index.php(86): CodeIgniter\CodeIgniter->run()
CRITICAL - 2023-12-10 06:47:21 --> Class "App\Controllers\Services" not found
in APPPATH\Controllers\InquireController.php on line 89.
 1 SYSTEMPATH\CodeIgniter.php(919): App\Controllers\InquireController->submitForm()
 2 SYSTEMPATH\CodeIgniter.php(494): CodeIgniter\CodeIgniter->runController(Object(App\Controllers\InquireController))
 3 SYSTEMPATH\CodeIgniter.php(353): CodeIgniter\CodeIgniter->handleRequest(null, Object(Config\Cache), false)
 4 FCPATH\index.php(86): CodeIgniter\CodeIgniter->run()
CRITICAL - 2023-12-10 06:47:29 --> Class "App\Controllers\Services" not found
in APPPATH\Controllers\InquireController.php on line 89.
 1 SYSTEMPATH\CodeIgniter.php(919): App\Controllers\InquireController->submitForm()
 2 SYSTEMPATH\CodeIgniter.php(494): CodeIgniter\CodeIgniter->runController(Object(App\Controllers\InquireController))
 3 SYSTEMPATH\CodeIgniter.php(353): CodeIgniter\CodeIgniter->handleRequest(null, Object(Config\Cache), false)
 4 FCPATH\index.php(86): CodeIgniter\CodeIgniter->run()
CRITICAL - 2023-12-10 06:48:23 --> Class "App\Controllers\Services" not found
in APPPATH\Controllers\InquireController.php on line 89.
 1 SYSTEMPATH\CodeIgniter.php(919): App\Controllers\InquireController->submitForm()
 2 SYSTEMPATH\CodeIgniter.php(494): CodeIgniter\CodeIgniter->runController(Object(App\Controllers\InquireController))
 3 SYSTEMPATH\CodeIgniter.php(353): CodeIgniter\CodeIgniter->handleRequest(null, Object(Config\Cache), false)
 4 FCPATH\index.php(86): CodeIgniter\CodeIgniter->run()
CRITICAL - 2023-12-10 06:48:24 --> Class "App\Controllers\Services" not found
in APPPATH\Controllers\InquireController.php on line 89.
 1 SYSTEMPATH\CodeIgniter.php(919): App\Controllers\InquireController->submitForm()
 2 SYSTEMPATH\CodeIgniter.php(494): CodeIgniter\CodeIgniter->runController(Object(App\Controllers\InquireController))
 3 SYSTEMPATH\CodeIgniter.php(353): CodeIgniter\CodeIgniter->handleRequest(null, Object(Config\Cache), false)
 4 FCPATH\index.php(86): CodeIgniter\CodeIgniter->run()
CRITICAL - 2023-12-10 06:48:24 --> Class "App\Controllers\Services" not found
in APPPATH\Controllers\InquireController.php on line 89.
 1 SYSTEMPATH\CodeIgniter.php(919): App\Controllers\InquireController->submitForm()
 2 SYSTEMPATH\CodeIgniter.php(494): CodeIgniter\CodeIgniter->runController(Object(App\Controllers\InquireController))
 3 SYSTEMPATH\CodeIgniter.php(353): CodeIgniter\CodeIgniter->handleRequest(null, Object(Config\Cache), false)
 4 FCPATH\index.php(86): CodeIgniter\CodeIgniter->run()
CRITICAL - 2023-12-10 11:34:23 --> Invalid file: "include/index1.php"
in SYSTEMPATH\Exceptions\FrameworkException.php on line 39.
 1 SYSTEMPATH\View\View.php(214): CodeIgniter\Exceptions\FrameworkException::forInvalidFile('include/index1.php')
 2 SYSTEMPATH\View\View.php(467): CodeIgniter\View\View->render('include/index1', null, true)
 3 APPPATH\Views\welcome_message.php(1): CodeIgniter\View\View->include('include/index1')
 4 SYSTEMPATH\View\View.php(226): include('C:\\laragon\\www\\backend\\app\\Views\\welcome_message.php')
 5 SYSTEMPATH\View\View.php(229): CodeIgniter\View\View->CodeIgniter\View\{closure}()
 6 SYSTEMPATH\Common.php(1188): CodeIgniter\View\View->render('welcome_message', [], true)
 7 APPPATH\Controllers\Home.php(9): view('welcome_message')
 8 SYSTEMPATH\CodeIgniter.php(919): App\Controllers\Home->index()
 9 SYSTEMPATH\CodeIgniter.php(494): CodeIgniter\CodeIgniter->runController(Object(App\Controllers\Home))
10 SYSTEMPATH\CodeIgniter.php(353): CodeIgniter\CodeIgniter->handleRequest(null, Object(Config\Cache), false)
11 FCPATH\index.php(86): CodeIgniter\CodeIgniter->run()
12 SYSTEMPATH\Commands\Server\rewrite.php(47): require_once('C:\\laragon\\www\\backend\\public\\index.php')
CRITICAL - 2023-12-10 11:55:46 --> Class "App\Controllers\PayModel" not found
in APPPATH\Controllers\MainController.php on line 116.
 1 SYSTEMPATH\CodeIgniter.php(891): App\Controllers\MainController->__construct()
 2 SYSTEMPATH\CodeIgniter.php(485): CodeIgniter\CodeIgniter->createController()
 3 SYSTEMPATH\CodeIgniter.php(353): CodeIgniter\CodeIgniter->handleRequest(null, Object(Config\Cache), false)
 4 FCPATH\index.php(86): CodeIgniter\CodeIgniter->run()
CRITICAL - 2023-12-10 11:55:51 --> Class "App\Controllers\PayModel" not found
in APPPATH\Controllers\MainController.php on line 116.
 1 SYSTEMPATH\CodeIgniter.php(891): App\Controllers\MainController->__construct()
 2 SYSTEMPATH\CodeIgniter.php(485): CodeIgniter\CodeIgniter->createController()
 3 SYSTEMPATH\CodeIgniter.php(353): CodeIgniter\CodeIgniter->handleRequest(null, Object(Config\Cache), false)
 4 FCPATH\index.php(86): CodeIgniter\CodeIgniter->run()
CRITICAL - 2023-12-10 11:55:55 --> Class "App\Controllers\PayModel" not found
in APPPATH\Controllers\MainController.php on line 116.
 1 SYSTEMPATH\CodeIgniter.php(891): App\Controllers\MainController->__construct()
 2 SYSTEMPATH\CodeIgniter.php(485): CodeIgniter\CodeIgniter->createController()
 3 SYSTEMPATH\CodeIgniter.php(353): CodeIgniter\CodeIgniter->handleRequest(null, Object(Config\Cache), false)
 4 FCPATH\index.php(86): CodeIgniter\CodeIgniter->run()
CRITICAL - 2023-12-10 11:56:20 --> Class "App\Controllers\PayModel" not found
in APPPATH\Controllers\MainController.php on line 116.
 1 SYSTEMPATH\CodeIgniter.php(891): App\Controllers\MainController->__construct()
 2 SYSTEMPATH\CodeIgniter.php(485): CodeIgniter\CodeIgniter->createController()
 3 SYSTEMPATH\CodeIgniter.php(353): CodeIgniter\CodeIgniter->handleRequest(null, Object(Config\Cache), false)
 4 FCPATH\index.php(86): CodeIgniter\CodeIgniter->run()
CRITICAL - 2023-12-10 11:56:21 --> Class "App\Controllers\PayModel" not found
in APPPATH\Controllers\MainController.php on line 116.
 1 SYSTEMPATH\CodeIgniter.php(891): App\Controllers\MainController->__construct()
 2 SYSTEMPATH\CodeIgniter.php(485): CodeIgniter\CodeIgniter->createController()
 3 SYSTEMPATH\CodeIgniter.php(353): CodeIgniter\CodeIgniter->handleRequest(null, Object(Config\Cache), false)
 4 FCPATH\index.php(86): CodeIgniter\CodeIgniter->run()
CRITICAL - 2023-12-10 11:56:23 --> Class "App\Controllers\PayModel" not found
in APPPATH\Controllers\MainController.php on line 116.
 1 SYSTEMPATH\CodeIgniter.php(891): App\Controllers\MainController->__construct()
 2 SYSTEMPATH\CodeIgniter.php(485): CodeIgniter\CodeIgniter->createController()
 3 SYSTEMPATH\CodeIgniter.php(353): CodeIgniter\CodeIgniter->handleRequest(null, Object(Config\Cache), false)
 4 FCPATH\index.php(86): CodeIgniter\CodeIgniter->run()
CRITICAL - 2023-12-10 11:56:27 --> Class "App\Controllers\PayModel" not found
in APPPATH\Controllers\MainController.php on line 116.
 1 SYSTEMPATH\CodeIgniter.php(891): App\Controllers\MainController->__construct()
 2 SYSTEMPATH\CodeIgniter.php(485): CodeIgniter\CodeIgniter->createController()
 3 SYSTEMPATH\CodeIgniter.php(353): CodeIgniter\CodeIgniter->handleRequest(null, Object(Config\Cache), false)
 4 FCPATH\index.php(86): CodeIgniter\CodeIgniter->run()
CRITICAL - 2023-12-10 11:57:35 --> Class "App\Controllers\PayModel" not found
in APPPATH\Controllers\MainController.php on line 116.
 1 SYSTEMPATH\CodeIgniter.php(891): App\Controllers\MainController->__construct()
 2 SYSTEMPATH\CodeIgniter.php(485): CodeIgniter\CodeIgniter->createController()
 3 SYSTEMPATH\CodeIgniter.php(353): CodeIgniter\CodeIgniter->handleRequest(null, Object(Config\Cache), false)
 4 FCPATH\index.php(86): CodeIgniter\CodeIgniter->run()
CRITICAL - 2023-12-10 11:57:55 --> Class "App\Controllers\PayModel" not found
in APPPATH\Controllers\MainController.php on line 116.
 1 SYSTEMPATH\CodeIgniter.php(891): App\Controllers\MainController->__construct()
 2 SYSTEMPATH\CodeIgniter.php(485): CodeIgniter\CodeIgniter->createController()
 3 SYSTEMPATH\CodeIgniter.php(353): CodeIgniter\CodeIgniter->handleRequest(null, Object(Config\Cache), false)
 4 FCPATH\index.php(86): CodeIgniter\CodeIgniter->run()
CRITICAL - 2023-12-10 12:01:11 --> Class "App\Controllers\PayModel" not found
in APPPATH\Controllers\MainController.php on line 116.
 1 SYSTEMPATH\CodeIgniter.php(891): App\Controllers\MainController->__construct()
 2 SYSTEMPATH\CodeIgniter.php(485): CodeIgniter\CodeIgniter->createController()
 3 SYSTEMPATH\CodeIgniter.php(353): CodeIgniter\CodeIgniter->handleRequest(null, Object(Config\Cache), false)
 4 FCPATH\index.php(86): CodeIgniter\CodeIgniter->run()
CRITICAL - 2023-12-10 12:03:10 --> Class "App\Controllers\PayModel" not found
in APPPATH\Controllers\MainController.php on line 116.
 1 SYSTEMPATH\CodeIgniter.php(891): App\Controllers\MainController->__construct()
 2 SYSTEMPATH\CodeIgniter.php(485): CodeIgniter\CodeIgniter->createController()
 3 SYSTEMPATH\CodeIgniter.php(353): CodeIgniter\CodeIgniter->handleRequest(null, Object(Config\Cache), false)
 4 FCPATH\index.php(86): CodeIgniter\CodeIgniter->run()
CRITICAL - 2023-12-10 12:04:50 --> Class "App\Models\PayModel" not found
in APPPATH\Controllers\MainController.php on line 116.
 1 SYSTEMPATH\CodeIgniter.php(891): App\Controllers\MainController->__construct()
 2 SYSTEMPATH\CodeIgniter.php(485): CodeIgniter\CodeIgniter->createController()
 3 SYSTEMPATH\CodeIgniter.php(353): CodeIgniter\CodeIgniter->handleRequest(null, Object(Config\Cache), false)
 4 FCPATH\index.php(86): CodeIgniter\CodeIgniter->run()
CRITICAL - 2023-12-10 12:04:52 --> Class "App\Models\PayModel" not found
in APPPATH\Controllers\MainController.php on line 116.
 1 SYSTEMPATH\CodeIgniter.php(891): App\Controllers\MainController->__construct()
 2 SYSTEMPATH\CodeIgniter.php(485): CodeIgniter\CodeIgniter->createController()
 3 SYSTEMPATH\CodeIgniter.php(353): CodeIgniter\CodeIgniter->handleRequest(null, Object(Config\Cache), false)
 4 FCPATH\index.php(86): CodeIgniter\CodeIgniter->run()
CRITICAL - 2023-12-10 12:04:53 --> Class "App\Models\PayModel" not found
in APPPATH\Controllers\MainController.php on line 116.
 1 SYSTEMPATH\CodeIgniter.php(891): App\Controllers\MainController->__construct()
 2 SYSTEMPATH\CodeIgniter.php(485): CodeIgniter\CodeIgniter->createController()
 3 SYSTEMPATH\CodeIgniter.php(353): CodeIgniter\CodeIgniter->handleRequest(null, Object(Config\Cache), false)
 4 FCPATH\index.php(86): CodeIgniter\CodeIgniter->run()
CRITICAL - 2023-12-10 12:04:55 --> Class "App\Models\PayModel" not found
in APPPATH\Controllers\MainController.php on line 116.
 1 SYSTEMPATH\CodeIgniter.php(891): App\Controllers\MainController->__construct()
 2 SYSTEMPATH\CodeIgniter.php(485): CodeIgniter\CodeIgniter->createController()
 3 SYSTEMPATH\CodeIgniter.php(353): CodeIgniter\CodeIgniter->handleRequest(null, Object(Config\Cache), false)
 4 FCPATH\index.php(86): CodeIgniter\CodeIgniter->run()
